ca65 V2.18 - Git b8ae5c2
Main file   : ram.s
Current file: ram.s

000000r 1               D1 := $d17b
000000r 1               FE := $fe1f
000000r 1               
000000r 1               start:
000000r 1  AD 89 C0         lda $c089
000003r 1  AD 89 C0         lda $c089  ; write in ram1
000006r 1  A9 11            lda #$11
000008r 1  8D 7B D1         sta D1
00000Br 1  AD 83 C0         lda $c083
00000Er 1  AD 83 C0         lda $c083 ; write in ram 2
000011r 1  A9 22            lda #$22
000013r 1  8D 7B D1         sta D1
000016r 1  A9 33            lda #$33
000018r 1  8D 1F FE         sta FE
00001Br 1               
00001Br 1               test5:
00001Br 1  AD 1F FE         lda FE
00001Er 1  C9 33            cmp #$33
000020r 1  F0 01            beq @ok
000022r 1  00               brk
000023r 1               
000023r 1               @ok:
000023r 1               test1:
000023r 1  AD 80 C0         lda $c080 ; read ram2
000026r 1  AD 7B D1         lda D1
000029r 1  C9 22            cmp #$22
00002Br 1  F0 01            beq @ok
00002Dr 1  00               brk
00002Er 1               
00002Er 1               @ok:
00002Er 1  AD 88 C0         lda $c088 ; read ram1
000031r 1  AD 7B D1         lda D1
000034r 1  C9 11            cmp #$11
000036r 1  F0 01            beq test2
000038r 1  00               brk
000039r 1               
000039r 1               test2:
000039r 1  AD 83 C0     	lda $C083		; Read and write bank 2
00003Cr 1  AD 83 C0     	lda $C083
00003Fr 1  A9 22        	lda #$22
000041r 1  8D 7B D1     	sta $D17B
000044r 1  CD 7B D1     	cmp $D17B
000047r 1  F0 01        	beq test3
000049r 1  00           	brk
00004Ar 1               
00004Ar 1               test3:
00004Ar 1  AD 80 C0         lda $c080 ; read ram 2
00004Dr 1  AD 88 C0         lda $c088 ; read ram 1
000050r 1  EE 7B D1         inc D1
000053r 1  EE 1F FE         inc FE
000056r 1  AD 7B D1         lda D1
000059r 1  C9 22            cmp #$22
00005Br 1  F0 01            beq test4
00005Dr 1  00               brk
00005Er 1               
00005Er 1               test4:
00005Er 1               
00005Er 1               end:
00005Er 1  60               rts
00005Er 1               
